<?xml version="1.0" encoding="UTF-8"?>
<!-- Generated by org.testng.reporters.JUnitReportReporter -->
<testsuite hostname="DESKTOP-8F3NL6J" name="tsy.DataDriverFramework.Scripts.JQueryTest" tests="2" failures="0" timestamp="10 Mar 2018 02:45:47 GMT" time="15.063" errors="0">
  <testcase name="jqueryTest" time="5.034" classname="tsy.DataDriverFramework.Scripts.JQueryTest"/>
  <testcase name="Test2" time="10.029" classname="tsy.DataDriverFramework.Scripts.JQueryTest"/>
</testsuite> <!-- tsy.DataDriverFramework.Scripts.JQueryTest -->
