<?xml version="1.0" encoding="UTF-8"?>
<!-- Generated by org.testng.reporters.JUnitReportReporter -->
<testsuite hostname="DESKTOP-8F3NL6J" name="tsy.DataDriverFramework.Scripts.Login" tests="3" failures="0" timestamp="1 Mar 2018 03:13:30 GMT" time="10.862" errors="0">
  <testcase name="testB" time="3.543" classname="tsy.DataDriverFramework.Scripts.Login"/>
  <testcase name="testAB" time="2.990" classname="tsy.DataDriverFramework.Scripts.Login"/>
  <testcase name="testA" time="4.329" classname="tsy.DataDriverFramework.Scripts.Login"/>
</testsuite> <!-- tsy.DataDriverFramework.Scripts.Login -->
