<?xml version="1.0" encoding="UTF-8"?>
<!-- Generated by org.testng.reporters.JUnitReportReporter -->
<testsuite hostname="DESKTOP-8F3NL6J" name="AmazonBuyT.Scripts.BuySth" tests="1" failures="0" timestamp="29 Jan 2018 08:08:52 GMT" time="31.209" errors="0">
  <testcase name="buySth" time="31.209" classname="AmazonBuyT.Scripts.BuySth"/>
</testsuite> <!-- AmazonBuyT.Scripts.BuySth -->
